<?xml version="1.0" encoding="UTF-8"?>
<!-- Generated by org.testng.reporters.JUnitReportReporter -->
<testsuite skipped="0" hostname="Lab-637618486836961190-1" name="com.UrbanLadder.Runner.SearchExcelTest" tests="5" failures="0" timestamp="2021-10-03T22:11:27 IST" time="26.946" errors="0">
  <testcase name="SearchPage" time="6.139" classname="com.UrbanLadder.Runner.SearchExcelTest"/>
  <system-out/>
  <testcase name="SearchPage" time="5.597" classname="com.UrbanLadder.Runner.SearchExcelTest"/>
  <system-out/>
  <testcase name="SearchPage" time="4.593" classname="com.UrbanLadder.Runner.SearchExcelTest"/>
  <system-out/>
  <testcase name="SearchPage" time="4.674" classname="com.UrbanLadder.Runner.SearchExcelTest"/>
  <system-out/>
  <testcase name="SearchPage" time="5.943" classname="com.UrbanLadder.Runner.SearchExcelTest"/>
  <system-out/>
</testsuite> <!-- com.UrbanLadder.Runner.SearchExcelTest -->
