<?xml version="1.0" encoding="UTF-8"?>
<!-- Generated by org.testng.reporters.JUnitReportReporter -->
<testsuite skipped="0" hostname="Lab-637618486836961190-1" name="com.UrbanLadder.Runner.LinksInHomePage" tests="2" failures="0" timestamp="2021-10-03T22:11:27 IST" time="13.163" errors="0">
  <testcase name="CountLinks" time="0.494" classname="com.UrbanLadder.Runner.LinksInHomePage"/>
  <system-out/>
  <testcase name="CustomerStories" time="12.669" classname="com.UrbanLadder.Runner.LinksInHomePage"/>
  <system-out/>
</testsuite> <!-- com.UrbanLadder.Runner.LinksInHomePage -->
