<?xml version="1.0" encoding="UTF-8"?>
<!-- Generated by org.testng.reporters.JUnitReportReporter -->
<testsuite skipped="0" hostname="Lab-637618486836961190-1" name="com.UrbanLadder.Runner.GiftcardTest" tests="1" failures="0" timestamp="2021-10-03T22:11:27 IST" time="18.208" errors="0">
  <testcase name="GiftCardValidate" time="18.208" classname="com.UrbanLadder.Runner.GiftcardTest"/>
  <system-out/>
</testsuite> <!-- com.UrbanLadder.Runner.GiftcardTest -->
