<?xml version="1.0" encoding="UTF-8"?>
<!-- Generated by org.testng.reporters.JUnitReportReporter -->
<testsuite skipped="0" hostname="Lab-637618486836961190-1" name="com.UrbanLadder.Runner.SearchTest" tests="1" failures="0" timestamp="2021-10-03T22:05:03 IST" time="19.336" errors="0">
  <testcase name="SearchPage" time="19.336" classname="com.UrbanLadder.Runner.SearchTest"/>
  <system-out/>
</testsuite> <!-- com.UrbanLadder.Runner.SearchTest -->
