<?xml version="1.0" encoding="UTF-8"?>
<!-- Generated by org.testng.reporters.JUnitReportReporter -->
<testsuite skipped="0" hostname="Lab-637618486836961190-1" name="com.UrbanLadder.Runner.TrackOrderTest" tests="1" failures="0" timestamp="2021-10-03T22:05:03 IST" time="14.950" errors="0">
  <testcase name="Trackorders" time="14.950" classname="com.UrbanLadder.Runner.TrackOrderTest"/>
  <system-out/>
</testsuite> <!-- com.UrbanLadder.Runner.TrackOrderTest -->
