<?xml version="1.0" encoding="UTF-8"?>
<!-- Generated by org.testng.reporters.JUnitReportReporter -->
<testsuite skipped="0" hostname="Lab-637618486836961190-1" name="com.UrbanLadder.Runner.AddressTest" tests="1" failures="0" timestamp="2021-10-03T22:05:03 IST" time="8.812" errors="0">
  <testcase name="AdressTest" time="8.812" classname="com.UrbanLadder.Runner.AddressTest"/>
  <system-out/>
</testsuite> <!-- com.UrbanLadder.Runner.AddressTest -->
