<?xml version="1.0" encoding="UTF-8"?>
<!-- Generated by org.testng.reporters.JUnitReportReporter -->
<testsuite skipped="0" hostname="Lab-637618486836961190-1" name="com.UrbanLadder.Runner.SearchExcelTest" tests="5" failures="0" timestamp="2021-10-03T22:05:03 IST" time="30.638" errors="0">
  <testcase name="SearchPage" time="6.248" classname="com.UrbanLadder.Runner.SearchExcelTest"/>
  <system-out/>
  <testcase name="SearchPage" time="10.141" classname="com.UrbanLadder.Runner.SearchExcelTest"/>
  <system-out/>
  <testcase name="SearchPage" time="4.987" classname="com.UrbanLadder.Runner.SearchExcelTest"/>
  <system-out/>
  <testcase name="SearchPage" time="4.434" classname="com.UrbanLadder.Runner.SearchExcelTest"/>
  <system-out/>
  <testcase name="SearchPage" time="4.828" classname="com.UrbanLadder.Runner.SearchExcelTest"/>
  <system-out/>
</testsuite> <!-- com.UrbanLadder.Runner.SearchExcelTest -->
