<?xml version="1.0" encoding="UTF-8"?>
<!-- Generated by org.testng.reporters.JUnitReportReporter -->
<testsuite skipped="0" hostname="Lab-637618486836961190-1" name="com.UrbanLadder.Runner.LinksInHomePage" tests="2" failures="0" timestamp="2021-10-03T22:05:03 IST" time="17.051" errors="0">
  <testcase name="CountLinks" time="0.576" classname="com.UrbanLadder.Runner.LinksInHomePage"/>
  <system-out/>
  <testcase name="CustomerStories" time="16.475" classname="com.UrbanLadder.Runner.LinksInHomePage"/>
  <system-out/>
</testsuite> <!-- com.UrbanLadder.Runner.LinksInHomePage -->
